

dryrun - won't delete: /lsi/groups/mohilab/cryoem_automation/leginon/19apr26a/rawdata/19apr26a_003_00098gr_00002sq_v01_00002hl_00002en.mrc
dryrun - won't delete: /lsi/groups/mohilab/cryoem_automation/frames/19apr26a/rawdata/19apr26a_003_00098gr_00002sq_v01_00002hl_00002en.frames.tif
dryrun - won't delete: /lsi/groups/mohilab/cryoem_automation/leginon/19apr26a/rawdata/19apr26a_003_00098gr_00002sq_v01_00002hl_00003en.mrc
dryrun - won't delete: /lsi/groups/mohilab/cryoem_automation/frames/19apr26a/rawdata/19apr26a_003_00098gr_00002sq_v01_00002hl_00003en.frames.tif
dryrun - won't delete: /lsi/groups/mohilab/cryoem_automation/leginon/19apr26a/rawdata/19apr26a_003_00098gr_00002sq_v01_00002hl_00004en.mrc
dryrun - won't delete: /lsi/groups/mohilab/cryoem_automation/frames/19apr26a/rawdata/19apr26a_003_00098gr_00002sq_v01_00002hl_00004en.frames.tif
dryrun - won't delete: /lsi/groups/mohilab/cryoem_automation/leginon/19apr26a/rawdata/19apr26a_003_00098gr_00002sq_v01_00002hl_00005en.mrc
dryrun - won't delete: /lsi/groups/mohilab/cryoem_automation/frames/19apr26a/rawdata/19apr26a_003_00098gr_00002sq_v01_00002hl_00005en.frames.tif
dryrun - won't delete: /lsi/groups/mohilab/cryoem_automation/leginon/19apr26a/rawdata/19apr26a_003_00098gr_00002sq_v01_00002hl_00006en.mrc
dryrun - won't delete: /lsi/groups/mohilab/cryoem_automation/frames/19apr26a/rawdata/19apr26a_003_00098gr_00002sq_v01_00002hl_00006en.frames.tif
dryrun - won't delete: /lsi/groups/mohilab/cryoem_automation/leginon/19apr26a/rawdata/19apr26a_003_00099gr_00006sq.mrc
dryrun - won't delete: /lsi/groups/mohilab/cryoem_automation/frames/19apr26a/rawdata/19apr26a_003_00099gr_00006sq_v01_00002hl_00002en.frames.tif
dryrun - won't delete: /lsi/groups/mohilab/cryoem_automation/frames/19apr26a/rawdata/19apr26a_003_00099gr_00006sq_v01_00002hl_00003en.frames.tif
dryrun - won't delete: /lsi/groups/mohilab/cryoem_automation/frames/19apr26a/rawdata/19apr26a_003_00099gr_00006sq_v01_00002hl_00004en.frames.tif
dryrun - won't delete: /lsi/groups/mohilab/cryoem_automation/leginon/19apr26a/rawdata/19apr26a_003_00099gr_00006sq_v01.mrc
dryrun - won't delete: /lsi/groups/mohilab/cryoem_automation/frames/19apr26a/rawdata/19apr26a_003_00099gr_00006sq_v01_00002hl_00002en.frames.tif
dryrun - won't delete: /lsi/groups/mohilab/cryoem_automation/frames/19apr26a/rawdata/19apr26a_003_00099gr_00006sq_v01_00002hl_00003en.frames.tif
dryrun - won't delete: /lsi/groups/mohilab/cryoem_automation/frames/19apr26a/rawdata/19apr26a_003_00099gr_00006sq_v01_00002hl_00004en.frames.tif
dryrun - won't delete: /lsi/groups/mohilab/cryoem_automation/leginon/19apr26a/rawdata/19apr26a_003_00099gr_00006sq_v01_00002hl.mrc
dryrun - won't delete: /lsi/groups/mohilab/cryoem_automation/frames/19apr26a/rawdata/19apr26a_003_00099gr_00006sq_v01_00002hl_00002en.frames.tif
dryrun - won't delete: /lsi/groups/mohilab/cryoem_automation/frames/19apr26a/rawdata/19apr26a_003_00099gr_00006sq_v01_00002hl_00003en.frames.tif
dryrun - won't delete: /lsi/groups/mohilab/cryoem_automation/frames/19apr26a/rawdata/19apr26a_003_00099gr_00006sq_v01_00002hl_00004en.frames.tif
dryrun - won't delete: /lsi/groups/mohilab/cryoem_automation/leginon/19apr26a/rawdata/19apr26a_003_00099gr_00006sq_v01_00002hl_00001fa.mrc
dryrun - won't delete: /lsi/groups/mohilab/cryoem_automation/leginon/19apr26a/rawdata/19apr26a_003_00099gr_00006sq_v01_00002hl_00002en.mrc
dryrun - won't delete: /lsi/groups/mohilab/cryoem_automation/frames/19apr26a/rawdata/19apr26a_003_00099gr_00006sq_v01_00002hl_00002en.frames.tif
dryrun - won't delete: /lsi/groups/mohilab/cryoem_automation/leginon/19apr26a/rawdata/19apr26a_003_00099gr_00006sq_v01_00002hl_00003en.mrc
dryrun - won't delete: /lsi/groups/mohilab/cryoem_automation/frames/19apr26a/rawdata/19apr26a_003_00099gr_00006sq_v01_00002hl_00003en.frames.tif
dryrun - won't delete: /lsi/groups/mohilab/cryoem_automation/leginon/19apr26a/rawdata/19apr26a_003_00099gr_00006sq_v01_00002hl_00004en.mrc
dryrun - won't delete: /lsi/groups/mohilab/cryoem_automation/frames/19apr26a/rawdata/19apr26a_003_00099gr_00006sq_v01_00002hl_00004en.frames.tif
dryrun - won't delete: /lsi/groups/mohilab/cryoem_automation/leginon/19apr26a/rawdata/19apr26a_003_00070gr_00007sq.mrc
dryrun - won't delete: /lsi/groups/mohilab/cryoem_automation/frames/19apr26a/rawdata/19apr26a_003_00070gr_00007sq_v02_00002hl_v01_00003en.frames.tif
dryrun - won't delete: /lsi/groups/mohilab/cryoem_automation/leginon/19apr26a/rawdata/19apr26a_003_00071gr_00008sq.mrc
dryrun - won't delete: /lsi/groups/mohilab/cryoem_automation/leginon/19apr26a/rawdata/19apr26a_003_00110gr_00009sq.mrc
dryrun - won't delete: /lsi/groups/mohilab/cryoem_automation/leginon/19apr26a/rawdata/19apr26a_003_00070gr_00007sq_v01.mrc
dryrun - won't delete: /lsi/groups/mohilab/cryoem_automation/leginon/19apr26a/rawdata/19apr26a_003_00070gr_00007sq_v02.mrc
dryrun - won't delete: /lsi/groups/mohilab/cryoem_automation/frames/19apr26a/rawdata/19apr26a_003_00070gr_00007sq_v02_00002hl_v01_00003en.frames.tif
dryrun - won't delete: /lsi/groups/mohilab/cryoem_automation/leginon/19apr26a/rawdata/19apr26a_003_00070gr_00007sq_v02_00002hl.mrc
dryrun - won't delete: /lsi/groups/mohilab/cryoem_automation/frames/19apr26a/rawdata/19apr26a_003_00070gr_00007sq_v02_00002hl_v01_00003en.frames.tif
dryrun - won't delete: /lsi/groups/mohilab/cryoem_automation/leginon/19apr26a/rawdata/19apr26a_003_00071gr_00008sq_v01.mrc
dryrun - won't delete: /lsi/groups/mohilab/cryoem_automation/leginon/19apr26a/rawdata/19apr26a_003_00071gr_00008sq_v02.mrc
dryrun - won't delete: /lsi/groups/mohilab/cryoem_automation/leginon/19apr26a/rawdata/19apr26a_003_00071gr_00008sq_v02_00002hl.mrc
dryrun - won't delete: /lsi/groups/mohilab/cryoem_automation/leginon/19apr26a/rawdata/19apr26a_003_00110gr_00009sq_v01.mrc
dryrun - won't delete: /lsi/groups/mohilab/cryoem_automation/leginon/19apr26a/rawdata/19apr26a_003_00070gr_00007sq_v02_00002hl_00001fa.mrc
dryrun - won't delete: /lsi/groups/mohilab/cryoem_automation/leginon/19apr26a/rawdata/19apr26a_003_00070gr_00007sq_v02_00002hl_v01.mrc
dryrun - won't delete: /lsi/groups/mohilab/cryoem_automation/frames/19apr26a/rawdata/19apr26a_003_00070gr_00007sq_v02_00002hl_v01_00003en.frames.tif
dryrun - won't delete: /lsi/groups/mohilab/cryoem_automation/leginon/19apr26a/rawdata/19apr26a_003_00070gr_00007sq_v02_00002hl_v01_00002en.mrc
dryrun - won't delete: /lsi/groups/mohilab/cryoem_automation/leginon/19apr26a/rawdata/19apr26a_003_00070gr_00007sq_v02_00002hl_v01_00003en.mrc
dryrun - won't delete: /lsi/groups/mohilab/cryoem_automation/frames/19apr26a/rawdata/19apr26a_003_00070gr_00007sq_v02_00002hl_v01_00003en.frames.tif
dryrun - won't delete: /lsi/groups/mohilab/cryoem_automation/leginon/19apr26a/rawdata/19apr26a_003_00110gr_00010sq.mrc
dryrun - won't delete: /lsi/groups/mohilab/cryoem_automation/frames/19apr26a/rawdata/19apr26a_003_00110gr_00010sq_v02_00002hl_00002en.frames.tif
dryrun - won't delete: /lsi/groups/mohilab/cryoem_automation/frames/19apr26a/rawdata/19apr26a_003_00110gr_00010sq_v02_00002hl_00003en.frames.tif
dryrun - won't delete: /lsi/groups/mohilab/cryoem_automation/frames/19apr26a/rawdata/19apr26a_003_00110gr_00010sq_v02_00002hl_00004en.frames.tif
dryrun - won't delete: /lsi/groups/mohilab/cryoem_automation/leginon/19apr26a/rawdata/19apr26a_003_00110gr_00010sq_v01.mrc
dryrun - won't delete: /lsi/groups/mohilab/cryoem_automation/leginon/19apr26a/rawdata/19apr26a_003_00110gr_00010sq_v02.mrc
dryrun - won't delete: /lsi/groups/mohilab/cryoem_automation/frames/19apr26a/rawdata/19apr26a_003_00110gr_00010sq_v02_00002hl_00002en.frames.tif
dryrun - won't delete: /lsi/groups/mohilab/cryoem_automation/frames/19apr26a/rawdata/19apr26a_003_00110gr_00010sq_v02_00002hl_00003en.frames.tif
dryrun - won't delete: /lsi/groups/mohilab/cryoem_automation/frames/19apr26a/rawdata/19apr26a_003_00110gr_00010sq_v02_00002hl_00004en.frames.tif
dryrun - won't delete: /lsi/groups/mohilab/cryoem_automation/leginon/19apr26a/rawdata/19apr26a_003_00110gr_00010sq_v02_00002hl.mrc
dryrun - won't delete: /lsi/groups/mohilab/cryoem_automation/frames/19apr26a/rawdata/19apr26a_003_00110gr_00010sq_v02_00002hl_00002en.frames.tif
dryrun - won't delete: /lsi/groups/mohilab/cryoem_automation/frames/19apr26a/rawdata/19apr26a_003_00110gr_00010sq_v02_00002hl_00003en.frames.tif
dryrun - won't delete: /lsi/groups/mohilab/cryoem_automation/frames/19apr26a/rawdata/19apr26a_003_00110gr_00010sq_v02_00002hl_00004en.frames.tif
dryrun - won't delete: /lsi/groups/mohilab/cryoem_automation/leginon/19apr26a/rawdata/19apr26a_003_00110gr_00010sq_v02_00002hl_00002en.mrc
dryrun - won't delete: /lsi/groups/mohilab/cryoem_automation/frames/19apr26a/rawdata/19apr26a_003_00110gr_00010sq_v02_00002hl_00002en.frames.tif
dryrun - won't delete: /lsi/groups/mohilab/cryoem_automation/leginon/19apr26a/rawdata/19apr26a_003_00110gr_00010sq_v02_00002hl_00003en.mrc
dryrun - won't delete: /lsi/groups/mohilab/cryoem_automation/frames/19apr26a/rawdata/19apr26a_003_00110gr_00010sq_v02_00002hl_00003en.frames.tif
dryrun - won't delete: /lsi/groups/mohilab/cryoem_automation/leginon/19apr26a/rawdata/19apr26a_003_00110gr_00010sq_v02_00002hl_00004en.mrc
dryrun - won't delete: /lsi/groups/mohilab/cryoem_automation/frames/19apr26a/rawdata/19apr26a_003_00110gr_00010sq_v02_00002hl_00004en.frames.tif
dryrun - won't delete: /lsi/groups/mohilab/cryoem_automation/leginon/19apr26a/rawdata/19apr26a_003_00110gr_00011sq.mrc
dryrun - won't delete: /lsi/groups/mohilab/cryoem_automation/frames/19apr26a/rawdata/19apr26a_003_00110gr_00011sq_v01_00002hl_00003en.frames.tif
dryrun - won't delete: /lsi/groups/mohilab/cryoem_automation/frames/19apr26a/rawdata/19apr26a_003_00110gr_00011sq_v01_00002hl_00004en.frames.tif
dryrun - won't delete: /lsi/groups/mohilab/cryoem_automation/frames/19apr26a/rawdata/19apr26a_003_00110gr_00011sq_v01_00002hl_00002en.frames.tif
dryrun - won't delete: /lsi/groups/mohilab/cryoem_automation/leginon/19apr26a/rawdata/19apr26a_003_00110gr_00011sq_v01.mrc
dryrun - won't delete: /lsi/groups/mohilab/cryoem_automation/frames/19apr26a/rawdata/19apr26a_003_00110gr_00011sq_v01_00002hl_00003en.frames.tif
dryrun - won't delete: /lsi/groups/mohilab/cryoem_automation/frames/19apr26a/rawdata/19apr26a_003_00110gr_00011sq_v01_00002hl_00004en.frames.tif
dryrun - won't delete: /lsi/groups/mohilab/cryoem_automation/frames/19apr26a/rawdata/19apr26a_003_00110gr_00011sq_v01_00002hl_00002en.frames.tif
dryrun - won't delete: /lsi/groups/mohilab/cryoem_automation/leginon/19apr26a/rawdata/19apr26a_003_00110gr_00011sq_v01_00002hl.mrc
dryrun - won't delete: /lsi/groups/mohilab/cryoem_automation/frames/19apr26a/rawdata/19apr26a_003_00110gr_00011sq_v01_00002hl_00003en.frames.tif
dryrun - won't delete: /lsi/groups/mohilab/cryoem_automation/frames/19apr26a/rawdata/19apr26a_003_00110gr_00011sq_v01_00002hl_00004en.frames.tif
dryrun - won't delete: /lsi/groups/mohilab/cryoem_automation/frames/19apr26a/rawdata/19apr26a_003_00110gr_00011sq_v01_00002hl_00002en.frames.tif
dryrun - won't delete: /lsi/groups/mohilab/cryoem_automation/leginon/19apr26a/rawdata/19apr26a_003_00110gr_00011sq_v01_00002hl_00001fa.mrc
dryrun - won't delete: /lsi/groups/mohilab/cryoem_automation/leginon/19apr26a/rawdata/19apr26a_003_00110gr_00011sq_v01_00002hl_00002en.mrc
dryrun - won't delete: /lsi/groups/mohilab/cryoem_automation/frames/19apr26a/rawdata/19apr26a_003_00110gr_00011sq_v01_00002hl_00002en.frames.tif
dryrun - won't delete: /lsi/groups/mohilab/cryoem_automation/leginon/19apr26a/rawdata/19apr26a_003_00110gr_00011sq_v01_00002hl_00003en.mrc
dryrun - won't delete: /lsi/groups/mohilab/cryoem_automation/frames/19apr26a/rawdata/19apr26a_003_00110gr_00011sq_v01_00002hl_00003en.frames.tif
dryrun - won't delete: /lsi/groups/mohilab/cryoem_automation/leginon/19apr26a/rawdata/19apr26a_003_00110gr_00011sq_v01_00002hl_00004en.mrc
dryrun - won't delete: /lsi/groups/mohilab/cryoem_automation/frames/19apr26a/rawdata/19apr26a_003_00110gr_00011sq_v01_00002hl_00004en.frames.tif
